[    0.000000] Initializing cgroup subsys cpuset
[    0.000000] Initializing cgroup subsys cpu
[    0.000000] Initializing cgroup subsys cpuacct
[    0.000000] Linux version 4.4.0-176-generic (buildd@lgw01-amd64-035) (gcc version 5.4.0 20160609 (Ubuntu 5.4.0-6ubuntu1~16.04.12) ) #206-Ubuntu SMP Fri Feb 28 05:02:04 UTC 2020 (Ubuntu 4.4.0-176.206-generic 4.4.211)
[    0.000000] Command line: BOOT_IMAGE=/boot/vmlinuz-4.4.0-176-generic root=LABEL=cloudimg-rootfs ro console=tty1 console=ttyS0
[    0.000000] KERNEL supported cpus:
[    0.000000]   Intel GenuineIntel
[    0.000000]   AMD AuthenticAMD
[    0.000000]   Centaur CentaurHauls
[    0.000000] x86/fpu: Legacy x87 FPU detected.
[    0.000000] e820: BIOS-provided physical RAM map:
[    0.000000] BIOS-e820: [mem 0x0000000000000000-0x000000000009fbff] usable
[    0.000000] BIOS-e820: [mem 0x000000000009fc00-0x000000000009ffff] reserved
[    0.000000] BIOS-e820: [mem 0x00000000000f0000-0x00000000000fffff] reserved
[    0.000000] BIOS-e820: [mem 0x0000000000100000-0x000000003ffeffff] usable
[    0.000000] BIOS-e820: [mem 0x000000003fff0000-0x000000003fffffff] ACPI data
[    0.000000] BIOS-e820: [mem 0x00000000fec00000-0x00000000fec00fff] reserved
[    0.000000] BIOS-e820: [mem 0x00000000fee00000-0x00000000fee00fff] reserved
[    0.000000] BIOS-e820: [mem 0x00000000fffc0000-0x00000000ffffffff] reserved
[    0.000000] NX (Execute Disable) protection: active
[    0.000000] SMBIOS 2.5 present.
[    0.000000] Hypervisor detected: KVM
[    0.000000] e820: last_pfn = 0x3fff0 max_arch_pfn = 0x400000000
[    0.000000] MTRR: Disabled
[    0.000000] x86/PAT: MTRRs disabled, skipping PAT initialization too.
[    0.000000] CPU MTRRs all blank - virtualized system.
[    0.000000] x86/PAT: Configuration [0-7]: WB  WT  UC- UC  WB  WT  UC- UC  
[    0.000000] found SMP MP-table at [mem 0x0009fff0-0x0009ffff] mapped at [ffff88000009fff0]
[    0.000000] Scanning 1 areas for low memory corruption
[    0.000000] RAMDISK: [mem 0x362e0000-0x37167fff]
[    0.000000] ACPI: Early table checksum verification disabled
[    0.000000] ACPI: RSDP 0x00000000000E0000 000024 (v02 VBOX  )
[    0.000000] ACPI: XSDT 0x000000003FFF0030 00003C (v01 VBOX   VBOXXSDT 00000001 ASL  00000061)
[    0.000000] ACPI: FACP 0x000000003FFF00F0 0000F4 (v04 VBOX   VBOXFACP 00000001 ASL  00000061)
[    0.000000] ACPI: DSDT 0x000000003FFF0470 002325 (v02 VBOX   VBOXBIOS 00000002 INTL 20100528)
[    0.000000] ACPI: FACS 0x000000003FFF0200 000040
[    0.000000] ACPI: FACS 0x000000003FFF0200 000040
[    0.000000] ACPI: APIC 0x000000003FFF0240 00005C (v02 VBOX   VBOXAPIC 00000001 ASL  00000061)
[    0.000000] ACPI: SSDT 0x000000003FFF02A0 0001CC (v01 VBOX   VBOXCPUT 00000002 INTL 20100528)
[    0.000000] No NUMA configuration found
[    0.000000] Faking a node at [mem 0x0000000000000000-0x000000003ffeffff]
[    0.000000] NODE_DATA(0) allocated [mem 0x3ffeb000-0x3ffeffff]
[    0.000000] kvm-clock: Using msrs 4b564d01 and 4b564d00
[    0.000000] kvm-clock: cpu 0, msr 0:3ffe3001, primary cpu clock
[    0.000000] kvm-clock: using sched offset of 16930366109 cycles
[    0.000000] clocksource: kvm-clock: mask: 0xffffffffffffffff max_cycles: 0x1cd42e4dffb, max_idle_ns: 881590591483 ns
[    0.000000] Zone ranges:
[    0.000000]   DMA      [mem 0x0000000000001000-0x0000000000ffffff]
[    0.000000]   DMA32    [mem 0x0000000001000000-0x000000003ffeffff]
[    0.000000]   Normal   empty
[    0.000000]   Device   empty
[    0.000000] Movable zone start for each node
[    0.000000] Early memory node ranges
[    0.000000]   node   0: [mem 0x0000000000001000-0x000000000009efff]
[    0.000000]   node   0: [mem 0x0000000000100000-0x000000003ffeffff]
[    0.000000] Initmem setup node 0 [mem 0x0000000000001000-0x000000003ffeffff]
[    0.000000] ACPI: PM-Timer IO Port: 0x4008
[    0.000000] IOAPIC[0]: apic_id 2, version 32, address 0xfec00000, GSI 0-23
[    0.000000] ACPI: INT_SRC_OVR (bus 0 bus_irq 0 global_irq 2 dfl dfl)
[    0.000000] ACPI: INT_SRC_OVR (bus 0 bus_irq 9 global_irq 9 low level)
[    0.000000] Using ACPI (MADT) for SMP configuration information
[    0.000000] smpboot: Allowing 2 CPUs, 0 hotplug CPUs
[    0.000000] PM: Registered nosave memory: [mem 0x00000000-0x00000fff]
[    0.000000] PM: Registered nosave memory: [mem 0x0009f000-0x0009ffff]
[    0.000000] PM: Registered nosave memory: [mem 0x000a0000-0x000effff]
[    0.000000] PM: Registered nosave memory: [mem 0x000f0000-0x000fffff]
[    0.000000] e820: [mem 0x40000000-0xfebfffff] available for PCI devices
[    0.000000] Booting paravirtualized kernel on KVM
[    0.000000] clocksource: refined-jiffies: mask: 0xffffffff max_cycles: 0xffffffff, max_idle_ns: 7645519600211568 ns
[    0.000000] setup_percpu: NR_CPUS:512 nr_cpumask_bits:512 nr_cpu_ids:2 nr_node_ids:1
[    0.000000] PERCPU: Embedded 33 pages/cpu @ffff88003fc00000 s95448 r8192 d31528 u1048576
[    0.000000] Built 1 zonelists in Node order, mobility grouping on.  Total pages: 257912
[    0.000000] Policy zone: DMA32
[    0.000000] Kernel command line: BOOT_IMAGE=/boot/vmlinuz-4.4.0-176-generic root=LABEL=cloudimg-rootfs ro console=tty1 console=ttyS0
[    0.000000] PID hash table entries: 4096 (order: 3, 32768 bytes)
[    0.000000] Memory: 997672K/1048120K available (8626K kernel code, 1336K rwdata, 4032K rodata, 1488K init, 1292K bss, 50448K reserved, 0K cma-reserved)
[    0.000000] SLUB: HWalign=64, Order=0-3, MinObjects=0, CPUs=2, Nodes=1
[    0.000000] Kernel/User page tables isolation: enabled
[    0.000000] Hierarchical RCU implementation.
[    0.000000] 	Build-time adjustment of leaf fanout to 64.
[    0.000000] 	RCU restricting CPUs from NR_CPUS=512 to nr_cpu_ids=2.
[    0.000000] RCU: Adjusting geometry for rcu_fanout_leaf=64, nr_cpu_ids=2
[    0.000000] NR_IRQS:33024 nr_irqs:440 16
[    0.000000] Console: colour VGA+ 80x25
[    0.000000] console [tty1] enabled
[    0.000000] console [ttyS0] enabled
[    0.000000] tsc: Detected 3066.672 MHz processor
[    0.189568] Calibrating delay loop (skipped) preset value.. 6133.34 BogoMIPS (lpj=12266688)
[    0.192000] pid_max: default: 32768 minimum: 301
[    0.193354] ACPI: Core revision 20150930
[    0.195899] ACPI: 2 ACPI AML tables successfully acquired and loaded
[    0.197871] Security Framework initialized
[    0.199046] Yama: becoming mindful.
[    0.200112] AppArmor: AppArmor initialized
[    0.201371] Dentry cache hash table entries: 131072 (order: 8, 1048576 bytes)
[    0.204828] Inode-cache hash table entries: 65536 (order: 7, 524288 bytes)
[    0.206914] Mount-cache hash table entries: 2048 (order: 2, 16384 bytes)
[    0.208742] Mountpoint-cache hash table entries: 2048 (order: 2, 16384 bytes)
[    0.210993] Initializing cgroup subsys io
[    0.212179] Initializing cgroup subsys memory
[    0.213510] Initializing cgroup subsys devices
[    0.214764] Initializing cgroup subsys freezer
[    0.215982] Initializing cgroup subsys net_cls
[    0.217338] Initializing cgroup subsys perf_event
[    0.218691] Initializing cgroup subsys net_prio
[    0.219986] Initializing cgroup subsys hugetlb
[    0.221331] Initializing cgroup subsys pids
[    0.222614] mce: CPU supports 0 MCE banks
[    0.223753] Last level iTLB entries: 4KB 512, 2MB 7, 4MB 7
[    0.225323] Last level dTLB entries: 4KB 512, 2MB 32, 4MB 32, 1GB 0
[    0.227053] Spectre V1 : Mitigation: usercopy/swapgs barriers and __user pointer sanitization
[    0.229835] Spectre V2 : Mitigation: Full generic retpoline
[    0.231327] Spectre V2 : Spectre v2 / SpectreRSB mitigation: Filling RSB on context switch
[    0.233723] Speculative Store Bypass: Vulnerable
[    0.235139] MDS: Vulnerable: Clear CPU buffers attempted, no microcode
[    0.239794] Freeing SMP alternatives memory: 36K
[    0.247719] ftrace: allocating 32305 entries in 127 pages
[    0.312416] smpboot: APIC(0) Converting physical 0 to logical package 0
[    0.314395] smpboot: Max logical packages: 1
[    0.316128] x2apic enabled
[    0.317352] Switched APIC routing to physical x2apic.
[    0.319995] ..TIMER: vector=0x30 apic1=0 pin1=2 apic2=-1 pin2=-1
[    0.429818] smpboot: CPU0: Intel(R) Xeon(R) CPU           W3550  @ 3.07GHz (family: 0x6, model: 0x1a, stepping: 0x5)
[    0.433213] Performance Events: unsupported p6 CPU model 26 no PMU driver, software events only.
[    0.445469] KVM setup paravirtual spinlock
[    0.447922] x86: Booting SMP configuration:
[    0.449083] .... node  #0, CPUs:      #1
[    0.450501] kvm-clock: cpu 1, msr 0:3ffe3041, secondary cpu clock
[    0.451843] mce: CPU supports 0 MCE banks
[    0.454818] x86: Booted up 1 node, 2 CPUs
[    0.456235] smpboot: Total of 2 processors activated (12266.68 BogoMIPS)
[    0.458562] devtmpfs: initialized
[    0.461476] evm: security.selinux
[    0.462668] evm: security.SMACK64
[    0.463690] evm: security.SMACK64EXEC
[    0.464784] evm: security.SMACK64TRANSMUTE
[    0.465964] evm: security.SMACK64MMAP
[    0.467121] evm: security.ima
[    0.468100] evm: security.capability
[    0.469380] clocksource: jiffies: mask: 0xffffffff max_cycles: 0xffffffff, max_idle_ns: 7645041785100000 ns
[    0.472142] futex hash table entries: 512 (order: 3, 32768 bytes)
[    0.473965] pinctrl core: initialized pinctrl subsystem
[    0.475575] RTC time: 10:02:30, date: 03/24/20
[    0.476941] NET: Registered protocol family 16
[    0.491162] cpuidle: using governor ladder
[    0.502852] cpuidle: using governor menu
[    0.504153] PCCT header not found.
[    0.505290] ACPI: bus type PCI registered
[    0.506549] acpiphp: ACPI Hot Plug PCI Controller Driver version: 0.5
[    0.509208] PCI: Using configuration type 1 for base access
[    0.523418] ACPI: Added _OSI(Module Device)
[    0.524713] ACPI: Added _OSI(Processor Device)
[    0.526023] ACPI: Added _OSI(3.0 _SCP Extensions)
[    0.527465] ACPI: Added _OSI(Processor Aggregator Device)
[    0.529942] ACPI: Executed 1 blocks of module-level executable AML code
[    0.534420] ACPI: Interpreter enabled
[    0.535729] ACPI: (supports S0 S5)
[    0.536967] ACPI: Using IOAPIC for interrupt routing
[    0.538503] PCI: Using host bridge windows from ACPI; if necessary, use "pci=nocrs" and report a bug
[    0.545987] ACPI: PCI Root Bridge [PCI0] (domain 0000 [bus 00-ff])
[    0.547654] acpi PNP0A03:00: _OSC: OS supports [ASPM ClockPM Segments MSI]
[    0.549775] acpi PNP0A03:00: _OSC: not requesting OS control; OS requires [ExtendedConfig ASPM ClockPM MSI]
[    0.552543] acpi PNP0A03:00: fail to add MMCONFIG information, can't access extended PCI configuration space under this bridge.
[    0.556117] PCI host bridge to bus 0000:00
[    0.557279] pci_bus 0000:00: root bus resource [io  0x0000-0x0cf7 window]
[    0.559041] pci_bus 0000:00: root bus resource [io  0x0d00-0xffff window]
[    0.560972] pci_bus 0000:00: root bus resource [mem 0x000a0000-0x000bffff window]
[    0.563630] pci_bus 0000:00: root bus resource [mem 0x40000000-0xfdffffff window]
[    0.565846] pci_bus 0000:00: root bus resource [bus 00-ff]
[    0.570233] pci 0000:00:01.1: legacy IDE quirk: reg 0x10: [io  0x01f0-0x01f7]
[    0.572222] pci 0000:00:01.1: legacy IDE quirk: reg 0x14: [io  0x03f6]
[    0.573994] pci 0000:00:01.1: legacy IDE quirk: reg 0x18: [io  0x0170-0x0177]
[    0.576067] pci 0000:00:01.1: legacy IDE quirk: reg 0x1c: [io  0x0376]
[    0.591611] pci 0000:00:07.0: quirk: [io  0x4000-0x403f] claimed by PIIX4 ACPI
[    0.593931] pci 0000:00:07.0: quirk: [io  0x4100-0x410f] claimed by PIIX4 SMB
[    0.601350] ACPI: PCI Interrupt Link [LNKA] (IRQs 5 9 10 *11)
[    0.603523] ACPI: PCI Interrupt Link [LNKB] (IRQs 5 9 *10 11)
[    0.605585] ACPI: PCI Interrupt Link [LNKC] (IRQs 5 *9 10 11)
[    0.617932] ACPI: PCI Interrupt Link [LNKD] (IRQs 5 9 10 *11)
[    0.620194] ACPI: Enabled 2 GPEs in block 00 to 07
[    0.621942] vgaarb: setting as boot device: PCI:0000:00:02.0
[    0.623630] vgaarb: device added: PCI:0000:00:02.0,decodes=io+mem,owns=io+mem,locks=none
[    0.626186] vgaarb: loaded
[    0.627193] vgaarb: bridge control possible 0000:00:02.0
[    0.629253] SCSI subsystem initialized
[    0.630532] ACPI: bus type USB registered
[    0.631889] usbcore: registered new interface driver usbfs
[    0.633451] usbcore: registered new interface driver hub
[    0.634962] usbcore: registered new device driver usb
[    0.636811] PCI: Using ACPI for IRQ routing
[    0.638474] NetLabel: Initializing
[    0.639608] NetLabel:  domain hash size = 128
[    0.640943] NetLabel:  protocols = UNLABELED CIPSOv4
[    0.642404] NetLabel:  unlabeled traffic allowed by default
[    0.644153] amd_nb: Cannot enumerate AMD northbridges
[    0.645731] clocksource: Switched to clocksource kvm-clock
[    0.656945] AppArmor: AppArmor Filesystem Enabled
[    0.658606] pnp: PnP ACPI init
[    0.660749] pnp: PnP ACPI: found 3 devices
[    0.672572] clocksource: acpi_pm: mask: 0xffffff max_cycles: 0xffffff, max_idle_ns: 2085701024 ns
[    0.675280] NET: Registered protocol family 2
[    0.676742] TCP established hash table entries: 8192 (order: 4, 65536 bytes)
[    0.679002] TCP bind hash table entries: 8192 (order: 5, 131072 bytes)
[    0.680785] TCP: Hash tables configured (established 8192 bind 8192)
[    0.682560] UDP hash table entries: 512 (order: 2, 16384 bytes)
[    0.684175] UDP-Lite hash table entries: 512 (order: 2, 16384 bytes)
[    0.685994] NET: Registered protocol family 1
[    0.687293] pci 0000:00:00.0: Limiting direct PCI/PCI transfers
[    0.688900] pci 0000:00:01.0: Activating ISA DMA hang workarounds
[    0.690777] Unpacking initramfs...
[    0.946320] Freeing initrd memory: 14880K
[    0.947703] clocksource: tsc: mask: 0xffffffffffffffff max_cycles: 0x2c344bdaa16, max_idle_ns: 440795270635 ns
[    0.950930] platform rtc_cmos: registered platform RTC device (no PNP device found)
[    0.953307] Scanning for low memory corruption every 60 seconds
[    0.955594] audit: initializing netlink subsys (disabled)
[    0.957208] audit: type=2000 audit(1585044169.372:1): initialized
[    0.959218] Initialise system trusted keyring
[    0.960838] HugeTLB registered 2 MB page size, pre-allocated 0 pages
[    0.964198] zbud: loaded
[    0.965509] VFS: Disk quotas dquot_6.6.0
[    0.966744] VFS: Dquot-cache hash table entries: 512 (order 0, 4096 bytes)
[    0.968906] squashfs: version 4.0 (2009/01/31) Phillip Lougher
[    0.971036] fuse init (API version 7.23)
[    0.972334] Key type big_key registered
[    0.973601] Allocating IMA MOK and blacklist keyrings.
[    0.976529] Key type asymmetric registered
[    0.977682] Asymmetric key parser 'x509' registered
[    0.979416] Block layer SCSI generic (bsg) driver version 0.4 loaded (major 249)
[    0.981928] io scheduler noop registered
[    0.983324] io scheduler deadline registered (default)
[    0.984917] io scheduler cfq registered
[    0.986352] pci_hotplug: PCI Hot Plug PCI Core version: 0.5
[    0.987792] pciehp: PCI Express Hot Plug Controller Driver version: 0.4
[    0.989602] ACPI: AC Adapter [AC] (on-line)
[    0.990955] input: Power Button as /devices/LNXSYSTM:00/LNXPWRBN:00/input/input0
[    0.993207] ACPI: Power Button [PWRF]
[    0.994470] input: Sleep Button as /devices/LNXSYSTM:00/LNXSLPBN:00/input/input1
[    0.996719] ACPI: Sleep Button [SLPF]
[    0.998257] GHES: HEST is not enabled!
[    0.999439] Serial: 8250/16550 driver, 32 ports, IRQ sharing enabled
[    1.021997] 00:02: ttyS0 at I/O 0x3f8 (irq = 4, base_baud = 115200) is a 16550A
[    1.025589] Linux agpgart interface v0.103
[    1.029233] loop: module loaded
[    1.030936] scsi host0: ata_piix
[    1.032157] scsi host1: ata_piix
[    1.033145] ata1: PATA max UDMA/33 cmd 0x1f0 ctl 0x3f6 bmdma 0xd000 irq 14
[    1.035002] ata2: PATA max UDMA/33 cmd 0x170 ctl 0x376 bmdma 0xd008 irq 15
[    1.037113] libphy: Fixed MDIO Bus: probed
[    1.038345] tun: Universal TUN/TAP device driver, 1.6
[    1.039854] tun: (C) 1999-2004 Max Krasnyansky <maxk@qualcomm.com>
[    1.041575] PPP generic driver version 2.4.2
[    1.042941] ehci_hcd: USB 2.0 'Enhanced' Host Controller (EHCI) Driver
[    1.044698] ehci-pci: EHCI PCI platform driver
[    1.046126] ehci-platform: EHCI generic platform driver
[    1.047685] ohci_hcd: USB 1.1 'Open' Host Controller (OHCI) Driver
[    1.049390] ohci-pci: OHCI PCI platform driver
[    1.050747] ohci-platform: OHCI generic platform driver
[    1.052160] uhci_hcd: USB Universal Host Controller Interface driver
[    1.053853] i8042: PNP: PS/2 Controller [PNP0303:PS2K,PNP0f03:PS2M] at 0x60,0x64 irq 1,12
[    1.056897] serio: i8042 KBD port at 0x60,0x64 irq 1
[    1.058392] serio: i8042 AUX port at 0x60,0x64 irq 12
[    1.059911] mousedev: PS/2 mouse device common for all mice
[    1.062091] rtc_cmos rtc_cmos: rtc core: registered rtc_cmos as rtc0
[    1.064039] rtc_cmos rtc_cmos: alarms up to one day, 114 bytes nvram
[    1.065938] input: AT Translated Set 2 keyboard as /devices/platform/i8042/serio0/input/input2
[    1.068601] i2c /dev entries driver
[    1.069887] device-mapper: uevent: version 1.0.3
[    1.071282] device-mapper: ioctl: 4.34.0-ioctl (2015-10-28) initialised: dm-devel@redhat.com
[    1.073654] ledtrig-cpu: registered to indicate activity on CPUs
[    1.075920] NET: Registered protocol family 10
[    1.077417] NET: Registered protocol family 17
[    1.078861] Key type dns_resolver registered
[    1.080347] registered taskstats version 1
[    1.081595] Loading compiled-in X.509 certificates
[    1.083888] Loaded X.509 cert 'Build time autogenerated kernel key: c2b7431ed9258328a3a0cf301f850647788d8e61'
[    1.086774] zswap: loaded using pool lzo/zbud
[    1.090030] Key type trusted registered
[    1.094743] Key type encrypted registered
[    1.096261] AppArmor: AppArmor sha1 policy hashing enabled
[    1.097722] ima: No TPM chip found, activating TPM-bypass!
[    1.099319] ima: Allocated hash algorithm: sha1
[    1.100678] evm: HMAC attrs: 0x1
[    1.102080]   Magic number: 12:804:22
[    1.103261] rtc_cmos rtc_cmos: setting system clock to 2020-03-24 10:02:31 UTC (1585044151)
[    1.105704] BIOS EDD facility v0.16 2004-Jun-25, 0 devices found
[    1.107435] EDD information not available.
[    1.214927] Freeing unused kernel memory: 1488K
[    1.216328] Write protecting the kernel read-only data: 14336k
[    1.218710] Freeing unused kernel memory: 1604K
[    1.220469] Freeing unused kernel memory: 64K
Loading, please wait...
starting version 229
[    1.237622] random: systemd-udevd: uninitialized urandom read (16 bytes read, 2 bits of entropy available)
[    1.237970] random: udevadm: uninitialized urandom read (16 bytes read, 2 bits of entropy available)
[    1.237993] random: udevadm: uninitialized urandom read (16 bytes read, 2 bits of entropy available)
[    1.246562] random: systemd-udevd: uninitialized urandom read (16 bytes read, 2 bits of entropy available)
[    1.249448] random: udevadm: uninitialized urandom read (16 bytes read, 2 bits of entropy available)
[    1.249497] random: udevadm: uninitialized urandom read (16 bytes read, 2 bits of entropy available)
[    1.249669] random: udevadm: uninitialized urandom read (16 bytes read, 2 bits of entropy available)
[    1.249737] random: udevadm: uninitialized urandom read (16 bytes read, 2 bits of entropy available)
[    1.249867] random: udevadm: uninitialized urandom read (16 bytes read, 2 bits of entropy available)
[    1.249938] random: udevadm: uninitialized urandom read (16 bytes read, 2 bits of entropy available)
[    1.312482] Fusion MPT base driver 3.04.20
[    1.313930] Copyright (c) 1999-2008 LSI Corporation
[    1.316112] e1000: Intel(R) PRO/1000 Network Driver - version 7.3.21-k8-NAPI
[    1.318285] e1000: Copyright (c) 1999-2006 Intel Corporation.
[    1.327206] Fusion MPT SPI Host driver 3.04.20
[    1.551450] input: ImExPS/2 Generic Explorer Mouse as /devices/platform/i8042/serio1/input/input4
[    1.975769] e1000 0000:00:03.0 eth0: (PCI:33MHz:32-bit) 02:90:e9:96:cf:60
[    1.977609] e1000 0000:00:03.0 eth0: Intel(R) PRO/1000 Network Connection
[    1.980494] mptbase: ioc0: Initiating bringup
[    1.981008] e1000 0000:00:03.0 enp0s3: renamed from eth0
[    2.050077] ioc0: LSI53C1030 A0: Capabilities={Initiator}
[    2.213129] scsi host2: ioc0: LSI53C1030 A0, FwRev=00000000h, Ports=1, MaxQ=256, IRQ=20
[    2.326674] scsi 2:0:0:0: Direct-Access     VBOX     HARDDISK         1.0  PQ: 0 ANSI: 5
[    2.329137] scsi target2:0:0: Beginning Domain Validation
[    2.332491] scsi target2:0:0: Domain Validation skipping write tests
[    2.334312] scsi target2:0:0: Ending Domain Validation
[    2.335848] scsi target2:0:0: asynchronous
[    2.337600] scsi 2:0:1:0: Direct-Access     VBOX     HARDDISK         1.0  PQ: 0 ANSI: 5
[    2.339945] scsi target2:0:1: Beginning Domain Validation
[    2.342383] scsi target2:0:1: Domain Validation skipping write tests
[    2.344080] scsi target2:0:1: Ending Domain Validation
[    2.345592] scsi target2:0:1: asynchronous
[    2.353077] sd 2:0:0:0: [sda] 20971520 512-byte logical blocks: (10.7 GB/10.0 GiB)
[    2.353319] sd 2:0:0:0: Attached scsi generic sg0 type 0
[    2.355912] sd 2:0:1:0: Attached scsi generic sg1 type 0
[    2.355980] sd 2:0:1:0: [sdb] 20480 512-byte logical blocks: (10.5 MB/10.0 MiB)
[    2.356387] sd 2:0:1:0: [sdb] Write Protect is off
[    2.356494] sd 2:0:1:0: [sdb] Incomplete mode parameter data
[    2.356495] sd 2:0:1:0: [sdb] Assuming drive cache: write through
[    2.359666] sd 2:0:1:0: [sdb] Attached SCSI disk
[    2.377547] sd 2:0:0:0: [sda] Write Protect is off
[    2.379224] sd 2:0:0:0: [sda] Incomplete mode parameter data
[    2.380924] sd 2:0:0:0: [sda] Assuming drive cache: write through
[    2.384528]  sda: sda1
[    2.386095] sd 2:0:0:0: [sda] Attached SCSI disk
Begin: Loading essential drivers ... [    3.760544] md: linear personality registered for level -1
[    3.765653] md: multipath personality registered for level -4
[    3.770408] md: raid0 personality registered for level 0
[    3.776810] md: raid1 personality registered for level 1
[    3.850275] raid6: sse2x1   gen()  7709 MB/s
[    3.917752] raid6: sse2x1   xor()  5986 MB/s
[    3.985957] raid6: sse2x2   gen()  9028 MB/s
[    4.054422] raid6: sse2x2   xor()  7023 MB/s
[    4.121842] raid6: sse2x4   gen() 10519 MB/s
[    4.190196] raid6: sse2x4   xor()  7919 MB/s
[    4.191526] raid6: using algorithm sse2x4 gen() 10519 MB/s
[    4.193304] raid6: .... xor() 7919 MB/s, rmw enabled
[    4.194892] raid6: using ssse3x2 recovery algorithm
[    4.198087] xor: measuring software checksum speed
[    4.238858]    prefetch64-sse: 15102.000 MB/sec
[    4.278030]    generic_sse: 13547.000 MB/sec
[    4.279563] xor: using function: prefetch64-sse (15102.000 MB/sec)
[    4.283294] async_tx: api initialized (async)
[    4.298884] md: raid6 personality registered for level 6
[    4.300524] md: raid5 personality registered for level 5
[    4.302123] md: raid4 personality registered for level 4
[    4.311443] md: raid10 personality registered for level 10
done.
Begin: Running /scripts/init-premount ... done.
Begin: Mounting root file system ... Begin: Running /scripts/local-top ... done.
Begin: Running /scripts/local-premount ... [    4.351088] Btrfs loaded
Scanning for Btrfs filesystems
done.
Warning: fsck not present, so skipping root file system
[    4.392872] EXT4-fs (sda1): mounted filesystem with ordered data mode. Opts: (null)
done.
Begin: Running /scripts/local-bottom ... done.
Begin: Running /scripts/init-bottom ... done.
[    4.556565] systemd[1]: systemd 229 running in system mode. (+PAM +AUDIT +SELINUX +IMA +APPARMOR +SMACK +SYSVINIT +UTMP +LIBCRYPTSETUP +GCRYPT +GNUTLS +ACL +XZ -LZ4 +SECCOMP +BLKID +ELFUTILS +KMOD -IDN)
[    4.561346] systemd[1]: Detected virtualization oracle.
[    4.562928] systemd[1]: Detected architecture x86-64.

Welcome to [1mUbuntu 16.04.6 LTS[0m!

[    4.568634] systemd[1]: Set hostname to <ubuntu>.
[    4.573055] systemd[1]: Initializing machine ID from random generator.
[    4.574792] systemd[1]: Installed transient /etc/machine-id file.
[    4.746747] systemd[1]: Listening on /dev/initctl Compatibility Named Pipe.
[[0;32m  OK  [0m] Listening on /dev/initctl Compatibility Named Pipe.
[    4.750458] systemd[1]: Reached target System Time Synchronized.
[[0;32m  OK  [0m] Reached target System Time Synchronized.
[    4.753716] systemd[1]: Reached target User and Group Name Lookups.
[[0;32m  OK  [0m] Reached target User and Group Name Lookups.
[    4.757430] systemd[1]: Created slice User and Session Slice.
[[0;32m  OK  [0m] Created slice User and Session Slice.
[    4.760372] systemd[1]: Reached target Swap.
[[0;32m  OK  [0m] Reached target Swap.
[    4.762641] systemd[1]: Listening on udev Kernel Socket.
[[0;32m  OK  [0m] Listening on udev Kernel Socket.
[    4.770611] systemd[1]: Created slice System Slice.
[[0;32m  OK  [0m] Created slice System Slice.
[    4.778511] systemd[1]: Created slice system-serial\x2dgetty.slice.
[[0;32m  OK  [0m] Created slice system-serial\x2dgetty.slice.
[    4.782578] systemd[1]: Reached target Encrypted Volumes.
[[0;32m  OK  [0m] Reached target Encrypted Volumes.
[    4.786132] systemd[1]: Listening on Journal Socket (/dev/log).
[[0;32m  OK  [0m] Listening on Journal Socket (/dev/log).
[    4.789506] systemd[1]: Set up automount Arbitrary Executable File Formats File System Automount Point.
[[0;32m  OK  [0m] Set up automount Arbitrary Executab...ats File System Automount Point.
[    4.794847] systemd[1]: Listening on Journal Audit Socket.
[[0;32m  OK  [0m] Listening on Journal Audit Socket.
[    4.797767] systemd[1]: Listening on LVM2 metadata daemon socket.
[[0;32m  OK  [0m] Listening on LVM2 metadata daemon socket.
[    4.801199] systemd[1]: Listening on LVM2 poll daemon socket.
[[0;32m  OK  [0m] Listening on LVM2 poll daemon socket.
[    4.804404] systemd[1]: Listening on Journal Socket.
[[0;32m  OK  [0m] Listening on Journal Socket.
[    4.821975] systemd[1]: Mounting Huge Pages File System...
         Mounting Huge Pages File System...
[    4.825925] systemd[1]: Starting Uncomplicated firewall...
         Starting Uncomplicated firewall...
[    4.831195] systemd[1]: Starting Load Kernel Modules...
         Starting Load Kernel Modules...
[    4.834946] systemd[1]: Starting Nameserver information manager...
         Starting Nameserver information manager...
[    4.841147] systemd[1]: Starting Create list of required static device nodes for the current kernel...
         Starting Create list of required st... nodes for the current kernel...
[    4.847139] Loading iSCSI transport class v2.0-870.
[    4.855036] systemd[1]: Starting Set console keymap...
[    4.857090] iscsi: registered transport (tcp)
         Starting Set console keymap...
[    4.860805] systemd[1]: Starting Remount Root and Kernel File Systems...
         Starting Remount Root and Kernel File Systems...
[    4.865085] systemd[1]: Started Trigger resolvconf update for networkd DNS.
[    4.865894] EXT4-fs (sda1): re-mounted. Opts: (null)
[[0;32m  OK  [0m] Started Trigger resolvconf update for networkd DNS.
[    4.870336] systemd[1]: Listening on Device-mapper event daemon FIFOs.
[[0;32m  OK  [0m] Listening on Device-mapper event daemon FIFOs.
[    4.874483] systemd[1]: Starting Monitoring of LVM2 mirrors, snapshots etc. using dmeventd or progress polling...
         Starting Monitoring of LVM2 mirrors... dmeventd or progress polling...
[    4.879773] systemd[1]: Started Forward Password Requests to Wall Directory Watch.
[[0;32m  OK  [0m] Started Forward Password Requests to Wall Directory Watch.
[    4.884208] systemd[1]: Listening on Syslog Socket.
[[0;32m  OK  [0m] Listening on Syslog Socket.
[    4.899225] systemd[1]: Starting Journal Service...
         Starting Journal Service...
[    4.905474] systemd[1]: Mounting POSIX Message Queue File System...
         Mounting POSIX Message Queue File System...
[    4.912571] systemd[1]: Reached target Slices.
[[0;32m  OK  [0m] Reached target Slices.
[    4.917093] systemd[1]: Mounting Debug File System...
         Mounting Debug File System...
[    4.920462] systemd[1]: Listening on udev Control Socket.
[[0;32m  OK  [0m] Listening on udev Control Socket.
[    4.929331] systemd[1]: Mounted POSIX Message Queue File System.
[    4.933075] iscsi: registered transport (iser)
[[0;32m  OK  [0m] Mounted POSIX Message Queue File System.
[    4.936015] systemd[1]: Mounted Huge Pages File System.
[[0;32m  OK  [0m] Mounted Huge Pages File System.
[    4.938837] systemd[1]: Mounted Debug File System.
[[0;32m  OK  [0m] Mounted Debug File System.
[    4.942200] systemd[1]: Started Uncomplicated firewall.
[[0;32m  OK  [0m] Started Uncomplicated firewall.
[    4.945950] systemd[1]: Started Load Kernel Modules.
[[0;32m  OK  [0m] Started Load Kernel Modules.
[    4.950003] systemd[1]: Started Create list of required static device nodes for the current kernel.
[[0;32m  OK  [0m] Started Create list of required sta...ce nodes for the current kernel.
[    4.955192] systemd[1]: Started Set console keymap.
[[0;32m  OK  [0m] Started Set console keymap.
[    4.958696] systemd[1]: Started Remount Root and Kernel File Systems.
[[0;32m  OK  [0m] Started Remount Root and Kernel File Systems.
[    4.974430] systemd[1]: Started Nameserver information manager.
[[0;32m  OK  [0m] Started Nameserver information manager.
[    4.979899] systemd[1]: Started Journal Service.
[[0;32m  OK  [0m] Started Journal Service.
[[0;32m  OK  [0m] Started LVM2 metadata daemon.
         Starting Flush Journal to Persistent Storage...
         Starting Load/Save Random Seed...
         Starting udev Coldplug all Devices...
         Starting Create Static Device Nodes in /dev...
         Starting Apply Kernel Variables...
         Mounting FUSE Control File System...
[[0;32m  OK  [0m] Started Load/Save Random Seed.
[[0;32m  OK  [0m] Mounted FUSE Control File System.
[    5.028056] systemd-journald[379]: Received request to flush runtime journal from PID 1
[[0;32m  OK  [0m] Started Flush Journal to Persistent Storage.
[[0;32m  OK  [0m] Started Apply Kernel Variables.
[[0;32m  OK  [0m] Started Create Static Device Nodes in /dev.
         Starting udev Kernel Device Manager...
[[0;32m  OK  [0m] Started udev Coldplug all Devices.
[[0;32m  OK  [0m] Started udev Kernel Device Manager.
[[0;32m  OK  [0m] Started Dispatch Password Requests to Console Directory Watch.
[[0;32m  OK  [0m] Found device /dev/ttyS0.
[[0;32m  OK  [0m] Listening on Load/Save RF Kill Switch Status /dev/rfkill Watch.
[[0;32m  OK  [0m] Started Monitoring of LVM2 mirrors,...ng dmeventd or progress polling.
[[0;32m  OK  [0m] Reached target Local File Systems (Pre).
[[0;32m  OK  [0m] Reached target Local File Systems.
         Starting Create Volatile Files and Directories...
         Starting LSB: AppArmor initialization...
         Starting Set console font and keymap...
         Starting Initial cloud-init job (pre-networking)...
         Starting Tell Plymouth To Write Out Runtime Data...
         Starting Commit a transient machine-id on disk...
[[0;32m  OK  [0m] Started Create Volatile Files and Directories.
         Starting Update UTMP about System Boot/Shutdown...
[[0;32m  OK  [0m] Started Tell Plymouth To Write Out Runtime Data.
[[0;32m  OK  [0m] Started Commit a transient machine-id on disk.
[[0;32m  OK  [0m] Started Update UTMP about System Boot/Shutdown.
[[0;32m  OK  [0m] Started Set console font and keymap.
[[0;32m  OK  [0m] Created slice system-getty.slice.
[[0;32m  OK  [0m] Started LSB: AppArmor initialization.
[    6.871994] cloud-init[596]: Cloud-init v. 19.4-33-gbb4131a2-0ubuntu1~16.04.1 running 'init-local' at Tue, 24 Mar 2020 10:02:37 +0000. Up 6.51 seconds.
[[0;32m  OK  [0m] Started Initial cloud-init job (pre-networking).
[[0;32m  OK  [0m] Reached target Network (Pre).
         Starting Raise network interfaces...
[[0;32m  OK  [0m] Started Raise network interfaces.
[[0;32m  OK  [0m] Reached target Network.
         Starting Initial cloud-init job (metadata service crawler)...
[    8.246870] cloud-init[926]: Cloud-init v. 19.4-33-gbb4131a2-0ubuntu1~16.04.1 running 'init' at Tue, 24 Mar 2020 10:02:38 +0000. Up 7.53 seconds.
[    8.250399] cloud-init[926]: ci-info: ++++++++++++++++++++++++++++++++++++++Net device info++++++++++++++++++++++++++++++++++++++
[    8.253246] cloud-init[926]: ci-info: +--------+------+----------------------------+---------------+--------+-------------------+
[    8.256065] cloud-init[926]: ci-info: | Device |  Up  |          Address           |      Mask     | Scope  |     Hw-Address    |
[    8.258811] cloud-init[926]: ci-info: +--------+------+----------------------------+---------------+--------+-------------------+
[    8.261637] cloud-init[926]: ci-info: | enp0s3 | True |         10.0.2.15          | 255.255.255.0 | global | 02:90:e9:96:cf:60 |
[    8.264372] cloud-init[926]: ci-info: | enp0s3 | True | fe80::90:e9ff:fe96:cf60/64 |       .       |  link  | 02:90:e9:96:cf:60 |
[    8.267187] cloud-init[926]: ci-info: |   lo   | True |         127.0.0.1          |   255.0.0.0   |  host  |         .         |
[    8.269925] cloud-init[926]: ci-info: |   lo   | True |          ::1/128           |       .       |  host  |         .         |
[    8.272661] cloud-init[926]: ci-info: +--------+------+----------------------------+---------------+--------+-------------------+
[    8.275195] cloud-init[926]: ci-info: +++++++++++++++++++++++++++Route IPv4 info++++++++++++++++++++++++++++
[    8.277561] cloud-init[926]: ci-info: +-------+-------------+----------+---------------+-----------+-------+
[    8.279773] cloud-init[926]: ci-info: | Route | Destination | Gateway  |    Genmask    | Interface | Flags |
[    8.282460] cloud-init[926]: ci-info: +-------+-------------+----------+---------------+-----------+-------+
[    8.284819] cloud-init[926]: ci-info: |   0   |   0.0.0.0   | 10.0.2.2 |    0.0.0.0    |   enp0s3  |   UG  |
[    8.287003] cloud-init[926]: ci-info: |   1   |   10.0.2.0  | 0.0.0.0  | 255.255.255.0 |   enp0s3  |   U   |
[    8.289356] cloud-init[926]: ci-info: +-------+-------------+----------+---------------+-----------+-------+
[    8.291751] cloud-init[926]: ci-info: +++++++++++++++++++Route IPv6 info+++++++++++++++++++
[    8.293909] cloud-init[926]: ci-info: +-------+-------------+---------+-----------+-------+
[    8.295910] cloud-init[926]: ci-info: | Route | Destination | Gateway | Interface | Flags |
[    8.305106] cloud-init[926]: ci-info: +-------+-------------+---------+-----------+-------+
[    8.307347] cloud-init[926]: ci-info: |   0   |  fe80::/64  |    ::   |   enp0s3  |   U   |
[    8.309447] cloud-init[926]: ci-info: |   3   |   ff00::/8  |    ::   |   enp0s3  |   U   |
[    8.311531] cloud-init[926]: ci-info: +-------+-------------+---------+-----------+-------+
[    8.314072] cloud-init[926]: Generating public/private rsa key pair.
[    8.316003] cloud-init[926]: Your identification has been saved in /etc/ssh/ssh_host_rsa_key.
[    8.318347] cloud-init[926]: Your public key has been saved in /etc/ssh/ssh_host_rsa_key.pub.
[    8.320586] cloud-init[926]: The key fingerprint is:
[    8.322026] cloud-init[926]: SHA256:W6PRdWffLefy6BGA/D1VNhplBfm+ZvlywkdoB6Gc1YI root@ubuntu-xenial
[    8.324280] cloud-init[926]: The key's randomart image is:
[    8.325827] cloud-init[926]: +---[RSA 2048]----+
[    8.327272] cloud-init[926]: |             ooB=|
[    8.328890] cloud-init[926]: |         . .E O.+|
[    8.330322] cloud-init[926]: |          o.o=.++|
[    8.331726] cloud-init[926]: |         . o++.+=|
[    8.333028] cloud-init[926]: |        S + . =+=|
[    8.334270] cloud-init[926]: |         = .  o*+|
[    8.335546] cloud-init[926]: |        o    ooo+|
[    8.336943] cloud-init[926]: |              +Xo|
[    8.345051] cloud-init[926]: |             .==+|
[    8.346396] cloud-init[926]: +----[SHA256]-----+
[    8.347898] cloud-init[926]: Generating public/private dsa key pair.
[    8.356749] cloud-init[926]: Your identification has been saved in /etc/ssh/ssh_host_dsa_key.
[    8.358736] cloud-init[926]: Your public key has been saved in /etc/ssh/ssh_host_dsa_key.pub.
[    8.368408] cloud-init[926]: The key fingerprint is:
[    8.368647] cloud-init[926]: SHA256:huQgJFozOaUJAsxqZkNVxlpKaTrDmY0oNx4E9glpzSA root@ubuntu-xenial
[    8.369548] cloud-init[[926]: [0;32m  OK  [0mThe key's randomart image is:] 
Started Initial cloud-init job (metadata service crawler).
[    8.370567] cloud-init[926]: +---[DSA 1024]----+
[    8.374501] cloud-init[926]: |E=@+=o           |
[    8.374728] cloud-init[926]: |=@*@oo           |
[    8.375990] cloud-init[926]: |B.%+= .          |
[[0;32m  OK  [0m] Reached target System Initialization.
[    8.376057] cloud-init[926]: |+&+= + .         |
[    8.378201] cloud-init[926]: |=o+o  o S        |
[[0;32m  OK  [0m] Started Message of the Day.
[    8.378313] cloud-init[926]: |  .    .         |
[    8.386618] cloud-init[926]: |                 |
[    8.386873] cloud-init[926]: |                 |
[    8.388284] cloud-init[926]: |                 |
[    8.389140] cloud-init[926]: +----[SHA256]-----+
[    8.390404] cloud-init[926]: Generating public/private ecdsa key pair.
[    8.391133] cloud-init[926]: Your identification has been saved in /etc/ssh/ssh_host_ecdsa_key.
[    8.393020] cloud-init[926]: Your public key has been saved in /etc/ssh/ssh_host_ecdsa_key.pub.
[    8.394794] cloud-init[926]: The key fingerprint is:
[    8.396730] cloud-init[926]: SHA256:nO9WiycrY/tqc6Ev9jbcnsOqbYUkZnxYx8o0jJw6uvs root@ubuntu-xenial
[    8.397351] cloud-init[926]: The key's randomart image is:
[    8.399912] cloud-init[926]: +---[ECDSA 256]---+
[    8.400558] cloud-init[926]: |       . + .     |
[    8.402155] cloud-init[926]: |        + = o    |
[    8.402620] cloud-init[926]: |       o = +     |
[    8.403821] cloud-init[926]: |      o.*.=      |
[    8.404501] cloud-init[926]: |     . +S+ .     |
[    8.405820] cloud-init[926]: |    .    .o o    |
[    8.406508] cloud-init[926]: |     .   o.B .   |
[    8.407809] cloud-init[926]: |    .   XoX *.   |
[    8.408492] cloud-init[926]: |    .oE++^OBo.   |
[    8.409725] cloud-init[926]: +----[SHA256]-----+
[    8.410503] cloud-init[926]: Generating public/private ed25519 key pair.
[    8.411762] cloud-init[926]: Your identification has been saved in /etc/ssh/ssh_host_ed25519_key.
[    8.413429] cloud-init[926]: Your public key has been saved in /etc/ssh/ssh_host_ed25519_key.pub.
[    8.415477] cloud-init[926]: The key fingerprint is:
[    8.417676] cloud-init[926]: SHA256:LB+sTVxODG9Dwm/7bnMoZ1OSeafclg9wkTPmoqYSSN8 root@ubuntu-xenial
         Starting Socket activation for snappy daemon.
[    8.418236] cloud-init[926]: The key's randomart image is:
[    8.429210] [cloud-init[0;32m  OK  [0m[926]: ] +--[ED25519 256]--+Listening on ACPID Listen Socket.

[    8.429956] cloud-init[926]: |       .o .      |
[    8.440586] cloud-init[926]: |        .*     . |
[    8.440860] cloud-init[926]: |         .B   *  |
[[0;32m  OK  [0m] Listening on UUID daemon activation socket.
[    8.441305] cloud-init[926]: |    .  + =o. o + |
[    8.443605] cloud-init[926]: |   . o..S...ooo  |
[    8.444819] cloud-init[926]: |    . o*E...++o .|
[    8.445604] cloud-init[926]: |      ..o o. *.+.|
[    8.446592] [cloud-init[0;32m  OK  [0m[926]: |      .  o. O +oo|
[    8.447107] cloud-init[926]: |       ..  *.+ .o|
] Started Daily apt download activities.
[    8.447186] cloud-init[926]: +----[SHA256]-----+
[[0;32m  OK  [0m] Started Daily apt upgrade and clean activities.
[[0;32m  OK  [0m] Listening on D-Bus System Message Bus Socket.
[[0;32m  OK  [0m] Started ACPI Events Check.
[[0;32m  OK  [0m] Reached target Paths.
         Starting LXD - unix socket.
[[0;32m  OK  [0m] Started Daily Cleanup of Temporary Directories.
[[0;32m  OK  [0m] Reached target Timers.
[[0;32m  OK  [0m] Reached target Cloud-config availability.
[[0;32m  OK  [0m] Reached target Network is Online.
         Starting iSCSI initiator daemon (iscsid)...
[[0;32m  OK  [0m] Listening on Socket activation for snappy daemon.
[[0;32m  OK  [0m] Listening on LXD - unix socket.
[[0;32m  OK  [0m] Reached target Sockets.
[[0;32m  OK  [0m] Reached target Basic System.
         Starting Pollinate to seed the pseudo random number generator...
[[0;32m  OK  [0m] Started ACPI event daemon.
         Starting Login Service...
[[0;32m  OK  [0m] Started Deferred execution scheduler.
         Starting System Logging Service...
         Starting LSB: MD monitoring daemon...
         Starting Accounts Service...
[[0;32m  OK  [0m] Started FUSE filesystem for LXC.
[[0;32m  OK  [0m] Started Regular background program processing daemon.
         Starting LSB: Record successful boot for GRUB...
         Starting /etc/rc.local Compatibility...
         Starting Virtualbox guest utils...
[[0;32m  OK  [0m] Started D-Bus System Message Bus.
         Starting Snappy daemon...
         Starting LXD - container startup/shutdown...
[[0;32m  OK  [0m] Started System Logging Service.
[[0;32m  OK  [0m] Started /etc/rc.local Compatibility.
[[0;32m  OK  [0m] Started Login Service.
[[0;32m  OK  [0m] Started Unattended Upgrades Shutdown.
         Starting Authenticate and Authorize Users to Run Privileged Tasks...
[[0;32m  OK  [0m] Started iSCSI initiator daemon (iscsid).
         Starting Login to default iSCSI targets...
[[0;32m  OK  [0m] Started LSB: MD monitoring daemon.
[[0;32m  OK  [0m] Started LSB: Record successful boot for GRUB.
[[0;32m  OK  [0m] Started Login to default iSCSI targets.
[[0;32m  OK  [0m] Reached target Remote File Systems (Pre).
[[0;32m  OK  [0m] Reached target Remote File Systems.
         Starting LSB: Set the CPU Frequency Scaling governor to "ondemand"...
         Starting LSB: automatic crash report generation...
         Starting LSB: daemon to balance interrupts for SMP systems...
         Starting Permit User Sessions...
[[0;32m  OK  [0m] Started Permit User Sessions.
         Starting Hold until boot process finishes up...
         Starting Terminate Plymouth Boot Screen...
[[0;32m  OK  [0m] Started Hold until boot process finishes up.
         Starting Set console scheme...
[[0;32m  OK  [0m] Started Getty on tty1.
[[0;32m  OK  [0m] Started Serial Getty on ttyS0.
[[0;32m  OK  [0m] Reached target Login Prompts.
[[0;32m  OK  [0m] Started LSB: Set the CPU Frequency Scaling governor to "ondemand".
[[0;32m  OK  [0m] Started Terminate Plymouth Boot Screen.
[[0;32m  OK  [0m] Started Set console scheme.
[[0;32m  OK  [0m] Started Authenticate and Authorize Users to Run Privileged Tasks.
[[0;32m  OK  [0m] Started Accounts Service.
[[0;32m  OK  [0m] Started LSB: automatic crash report generation.
[[0;32m  OK  [0m] Started LSB: daemon to balance interrupts for SMP systems.
[[0;32m  OK  [0m] Started Virtualbox guest utils.
[[0;32m  OK  [0m] Started LXD - container startup/shutdown.
[[0;32m  OK  [0m] Started Pollinate to seed the pseudo random number generator.
         Starting OpenBSD Secure Shell server...
[[0;32m  OK  [0m] Started OpenBSD Secure Shell server.
[[0;32m  OK  [0m] Started Snappy daemon.
         Starting Wait until snapd is fully seeded...
[[0;32m  OK  [0m] Started Wait until snapd is fully seeded.
[[0;32m  OK  [0m] Reached target Multi-User System.
[[0;32m  OK  [0m] Reached target Graphical Interface.
         Starting Update UTMP about System Runlevel Changes...
         Starting Apply the settings specified in cloud-config...
[[0;32m  OK  [0m] Started Update UTMP about System Runlevel Changes.
[   10.236488] cloud-init[1282]: Generating locales (this might take a while)...
[   11.436951] cloud-init[1282]:   en_US.UTF-8... done
[   11.444499] cloud-init[1282]: Generation complete.
[   11.834767] cloud-init[1282]: Cloud-init v. 19.4-33-gbb4131a2-0ubuntu1~16.04.1 running 'modules:config' at Tue, 24 Mar 2020 10:02:40 +0000. Up 10.10 seconds.
[[0;32m  OK  [0m] Started Apply the settings specified in cloud-config.
         Starting Execute cloud user/final scripts...
ci-info: no authorized SSH keys fingerprints found for user ubuntu.
<14>Mar 24 10:02:43 ec2: 
<14>Mar 24 10:02:43 ec2: #############################################################
<14>Mar 24 10:02:43 ec2: -----BEGIN SSH HOST KEY FINGERPRINTS-----
<14>Mar 24 10:02:43 ec2: 1024 SHA256:huQgJFozOaUJAsxqZkNVxlpKaTrDmY0oNx4E9glpzSA root@ubuntu-xenial (DSA)
<14>Mar 24 10:02:43 ec2: 256 SHA256:nO9WiycrY/tqc6Ev9jbcnsOqbYUkZnxYx8o0jJw6uvs root@ubuntu-xenial (ECDSA)
<14>Mar 24 10:02:43 ec2: 256 SHA256:LB+sTVxODG9Dwm/7bnMoZ1OSeafclg9wkTPmoqYSSN8 root@ubuntu-xenial (ED25519)
<14>Mar 24 10:02:43 ec2: 2048 SHA256:W6PRdWffLefy6BGA/D1VNhplBfm+ZvlywkdoB6Gc1YI root@ubuntu-xenial (RSA)
<14>Mar 24 10:02:43 ec2: -----END SSH HOST KEY FINGERPRINTS-----
<14>Mar 24 10:02:43 ec2: #############################################################
-----BEGIN SSH HOST KEY KEYS-----
ecdsa-sha2-nistp256 AAAAE2VjZHNhLXNoYTItbmlzdHAyNTYAAAAIbmlzdHAyNTYAAABBBO3y1ItjakZ3y+Xq8HWIt0spKomXZKOQifI9pQpMcRkN29wv19JkFe85cEn3TsD2DaOZEKhDKBWU77g10maAgYA= root@ubuntu-xenial
ssh-ed25519 AAAAC3NzaC1lZDI1NTE5AAAAIEzNNdPA0FudccECnMye/JrfnJGlRwI5zvojFAE8ktSn root@ubuntu-xenial
ssh-rsa AAAAB3NzaC1yc2EAAAADAQABAAABAQDKFyEUDqoMlmNmA1wVxor/4h6kaXU4zUGs12G0G0fCnRwcRgIQBp1MFy6DGKfaebxC8Cg5Whgx9LukRLJo3MFiEce+xQBf5PJAqaT1GwCaAwGej1BMqczDONjJ1SOf4o7zToxe9qxUbxyTc16dg05AryOANqbpsegalM5HMrRs4grd9pQE8JmLfEekmDc5wOogxChR4kMrOJZloYMQOWvbyRhtsGKQMTCTsOS7ByqzkRlID3h3m02Mvgg6uTUdmy+xqzroBvEesGhVW9oNoeTENLZl0GrhlyrwvNlkFBi6PDJD4RJVjdMJvfVujNmMQKDRY//kXPtsmDfwhx1UR0a7 root@ubuntu-xenial
-----END SSH HOST KEY KEYS-----
[   12.446493] cloud-init[1323]: Cloud-init v. 19.4-33-gbb4131a2-0ubuntu1~16.04.1 running 'modules:final' at Tue, 24 Mar 2020 10:02:42 +0000. Up 12.25 seconds.
[   12.449976] cloud-init[1323]: ci-info: no authorized SSH keys fingerprints found for user ubuntu.
[   12.452069] cloud-init[1323]: Cloud-init v. 19.4-33-gbb4131a2-0ubuntu1~16.04.1 finished at Tue, 24 Mar 2020 10:02:43 +0000. Datasource DataSourceNoCloud [seed=/dev/sdb][dsmode=net].  Up 12.43 seconds
[[0;32m  OK  [0m] Started Execute cloud user/final scripts.
[[0;32m  OK  [0m] Reached target Cloud-init target.

Ubuntu 16.04.6 LTS ubuntu-xenial ttyS0

ubuntu-xenial login: 